JvmtiExport can_access_local_variables 0
JvmtiExport can_hotswap_or_post_breakpoint 0
JvmtiExport can_post_on_exceptions 0
# 374 ciObject found
instanceKlass com/android/build/gradle/internal/ndk/DefaultNdkInfo$$Lambda$123
instanceKlass com/android/utils/ImmutableCollectors$$Lambda$122
instanceKlass com/android/utils/ImmutableCollectors$$Lambda$121
instanceKlass com/android/utils/ImmutableCollectors$$Lambda$120
instanceKlass java/lang/invoke/LambdaForm$DMH
instanceKlass com/android/utils/ImmutableCollectors$$Lambda$119
instanceKlass com/android/utils/ImmutableCollectors
instanceKlass com/android/build/gradle/internal/transforms/StripDebugSymbolTransform$$Lambda$118
instanceKlass com/android/builder/internal/utils/FileCache
instanceKlass org/gradle/api/plugins/BasePlugin$1$4
instanceKlass org/gradle/api/plugins/BasePlugin$1$3
instanceKlass org/gradle/api/file/FileCopyDetails
instanceKlass org/gradle/jvm/tasks/Jar$2
instanceKlass org/gradle/jvm/tasks/Jar$1
instanceKlass org/gradle/api/java/archives/internal/DefaultAttributes
instanceKlass org/gradle/api/java/archives/Attributes
instanceKlass org/gradle/api/java/archives/internal/DefaultManifest
instanceKlass org/gradle/api/java/archives/internal/ManifestInternal
instanceKlass com/android/build/gradle/tasks/BinaryFileProviderTask$Artifact
instanceKlass org/gradle/api/internal/file/copy/ZipCompressor
instanceKlass org/gradle/api/internal/file/archive/compression/ArchiveOutputStreamFactory
instanceKlass com/android/build/gradle/tasks/BinaryFileProviderTask
instanceKlass com/android/build/gradle/tasks/AndroidJarTask$JarClassesConfigAction
instanceKlass org/gradle/api/internal/AbstractTask$12
instanceKlass com/android/build/gradle/tasks/factory/JavaCompileConfigAction$$Lambda$117
instanceKlass com/android/build/gradle/tasks/factory/AbstractCompilesUtil
instanceKlass com/android/build/gradle/tasks/factory/JavaCompileConfigAction$1
instanceKlass com/android/builder/core/BootClasspathBuilder$$Lambda$116
instanceKlass com/android/builder/core/BootClasspathBuilder
instanceKlass java/util/stream/Collectors$$Lambda$115
instanceKlass java/util/stream/Collectors$$Lambda$114
instanceKlass java/util/stream/Collectors$$Lambda$113
instanceKlass com/android/build/gradle/internal/api/DefaultAndroidSourceDirectorySet$$Lambda$112
instanceKlass org/gradle/api/plugins/JavaBasePlugin$10$1
instanceKlass org/gradle/api/plugins/JavaBasePlugin$9$2
instanceKlass org/gradle/api/plugins/JavaBasePlugin$9$1
instanceKlass org/gradle/api/tasks/compile/AbstractOptions
instanceKlass org/gradle/api/internal/tasks/compile/DefaultJvmLanguageCompileSpec
instanceKlass org/gradle/api/internal/tasks/compile/CleaningJavaCompilerSupport
instanceKlass org/gradle/api/internal/tasks/compile/incremental/cache/CompileCaches
instanceKlass org/gradle/api/internal/tasks/compile/JavaCompileSpec
instanceKlass org/gradle/api/internal/tasks/compile/JvmLanguageCompileSpec
instanceKlass org/gradle/language/base/internal/compile/CompileSpec
instanceKlass com/android/build/gradle/tasks/factory/JavaCompileConfigAction
instanceKlass com/android/build/gradle/tasks/factory/IncrementalSafeguard$ConfigAction
instanceKlass com/android/build/gradle/internal/transforms/MergeJavaResourcesTransform$NativeLibValidator
instanceKlass com/android/build/gradle/tasks/MergeSourceSetFolders$MergeJniLibFoldersConfigAction$$Lambda$111
instanceKlass com/android/build/gradle/tasks/ExternalNativeBuildTaskUtils$ExternalNativeBuildProjectPathResolution
instanceKlass com/android/build/gradle/internal/TaskManager$$Lambda$110
instanceKlass com/android/build/gradle/internal/TaskManager$$Lambda$109
instanceKlass com/android/build/gradle/internal/TaskManager$$Lambda$108
instanceKlass com/android/build/gradle/tasks/ExternalNativeBuildTaskUtils
instanceKlass com/google/common/collect/AbstractMapBasedMultimap$KeySet$1
instanceKlass com/android/build/gradle/tasks/ShaderCompile$ConfigAction
instanceKlass com/android/build/gradle/tasks/MergeSourceSetFolders$MergeShaderSourceFoldersConfigAction$$Lambda$107
instanceKlass com/android/build/gradle/tasks/AidlCompile$ConfigAction$$Lambda$106
instanceKlass com/android/build/gradle/tasks/AidlCompile$ConfigAction$$Lambda$105
instanceKlass com/android/builder/internal/incremental/DependencyData
instanceKlass com/android/builder/compiling/DependencyFileProcessor
instanceKlass com/android/build/gradle/tasks/AidlCompile$ConfigAction
instanceKlass org/gradle/api/tasks/incremental/InputFileDetails
instanceKlass com/android/build/api/transform/Context
instanceKlass com/android/build/gradle/internal/pipeline/TransformTask$ConfigAction
instanceKlass com/android/build/gradle/internal/pipeline/IntermediateStream$Builder
instanceKlass com/android/build/api/transform/TransformOutputProvider
instanceKlass com/google/common/base/Predicates$NotPredicate
instanceKlass com/google/common/collect/AbstractIterator$1
instanceKlass com/google/common/base/Predicates$InPredicate
instanceKlass com/google/common/base/Predicates
instanceKlass com/android/build/gradle/internal/transforms/MergeJavaResourcesTransform$1
instanceKlass com/android/build/gradle/internal/packaging/ParsedPackagingOptions$$Lambda$104
instanceKlass com/android/build/gradle/internal/packaging/ParsedPackagingOptions$$Lambda$103
instanceKlass sun/nio/fs/WindowsFileSystem$2
instanceKlass sun/nio/fs/Globs
instanceKlass java/util/stream/ReduceOps$Box
instanceKlass java/util/stream/Collectors$$Lambda$102
instanceKlass java/util/stream/Collectors$$Lambda$101
instanceKlass java/util/stream/Collectors$$Lambda$100
instanceKlass java/lang/invoke/LambdaForm$DMH
instanceKlass java/util/stream/Collectors$$Lambda$99
instanceKlass java/util/stream/Collectors$CollectorImpl
instanceKlass java/util/stream/Collector
instanceKlass java/util/stream/Collectors
instanceKlass com/android/build/gradle/internal/packaging/ParsedPackagingOptions$$Lambda$98
instanceKlass java/nio/file/PathMatcher
instanceKlass java/util/HashMap$HashMapSpliterator
instanceKlass com/android/build/gradle/internal/packaging/ParsedPackagingOptions
instanceKlass com/android/builder/packaging/ZipEntryFilter
instanceKlass com/android/build/gradle/internal/transforms/MergeJavaResourcesTransform$FileValidator
instanceKlass com/google/common/util/concurrent/Callables$1
instanceKlass com/google/common/util/concurrent/Callables
instanceKlass org/gradle/api/internal/project/taskfactory/AnnotationProcessingTaskFactory$PropertyInfo$5
instanceKlass org/gradle/api/internal/file/copy/DefaultCopySpec$DefaultCopySpecResolver$1
instanceKlass org/gradle/api/internal/project/taskfactory/AnnotationProcessingTaskFactory$PropertyInfo$4
instanceKlass org/gradle/api/internal/tasks/DefaultTaskInputs$5
instanceKlass org/gradle/api/internal/file/copy/DefaultCopySpec$DefaultCopySpecResolver
instanceKlass org/gradle/api/internal/file/copy/PathNotationConverter
instanceKlass org/gradle/api/internal/file/copy/CopySpecResolver
instanceKlass org/gradle/api/internal/file/copy/DefaultCopySpec
instanceKlass org/gradle/api/internal/file/copy/DelegatingCopySpecInternal
instanceKlass com/android/build/gradle/tasks/factory/ProcessJavaResConfigAction
instanceKlass com/android/build/gradle/tasks/ProcessAndroidResources$ConfigAction$7
instanceKlass com/android/build/gradle/tasks/ProcessAndroidResources$ConfigAction$6
instanceKlass com/android/build/gradle/tasks/ProcessAndroidResources$ConfigAction$5
instanceKlass com/android/build/gradle/tasks/ProcessAndroidResources$ConfigAction$4
instanceKlass com/android/build/gradle/tasks/ProcessAndroidResources$ConfigAction$3
instanceKlass com/android/build/gradle/tasks/ProcessAndroidResources$ConfigAction$2
instanceKlass com/android/build/gradle/tasks/ProcessAndroidResources$ConfigAction$1
instanceKlass org/gradle/api/internal/tasks/DefaultTaskInputs$3
instanceKlass org/gradle/api/internal/project/taskfactory/NestedBeanPropertyAnnotationHandler$1$1
instanceKlass org/gradle/api/internal/project/taskfactory/InputDirectoryPropertyAnnotationHandler$2
instanceKlass org/gradle/api/internal/project/taskfactory/NestedBeanPropertyAnnotationHandler$1
instanceKlass com/android/ide/common/blame/parser/PatternAwareOutputParser
instanceKlass com/android/build/gradle/tasks/ProcessAndroidResources$ConfigAction
instanceKlass com/android/build/gradle/tasks/GenerateBuildConfig$ConfigAction$$Lambda$97
instanceKlass com/android/build/gradle/tasks/GenerateBuildConfig$ConfigAction$$Lambda$96
instanceKlass com/android/build/gradle/tasks/GenerateBuildConfig$ConfigAction$$Lambda$95
instanceKlass com/android/build/gradle/tasks/GenerateBuildConfig$ConfigAction$$Lambda$94
instanceKlass com/android/build/gradle/tasks/GenerateBuildConfig$ConfigAction$$Lambda$93
instanceKlass com/android/build/gradle/tasks/GenerateBuildConfig$ConfigAction$$Lambda$92
instanceKlass com/android/build/gradle/tasks/GenerateBuildConfig$ConfigAction$$Lambda$91
instanceKlass com/android/build/gradle/tasks/GenerateBuildConfig$ConfigAction$$Lambda$90
instanceKlass com/android/build/gradle/tasks/GenerateBuildConfig$ConfigAction$$Lambda$89
instanceKlass com/android/build/gradle/tasks/GenerateBuildConfig$ConfigAction
instanceKlass java/lang/invoke/LambdaForm$MH
instanceKlass java/lang/invoke/LambdaForm$DMH
instanceKlass java/lang/invoke/LambdaForm$DMH
instanceKlass com/android/build/gradle/tasks/MergeSourceSetFolders$MergeAssetConfigAction$$Lambda$88
instanceKlass java/lang/invoke/LambdaForm$DMH
instanceKlass com/android/build/gradle/tasks/MergeSourceSetFolders$ConfigAction
instanceKlass com/android/build/gradle/tasks/MergeResources$ConfigAction$1
instanceKlass com/android/ide/common/res2/FileValidity
instanceKlass com/android/ide/common/res2/MergeConsumer
instanceKlass com/android/build/gradle/tasks/MergeResources$ConfigAction
instanceKlass com/android/build/gradle/tasks/RenderscriptCompile$ConfigAction$$Lambda$87
instanceKlass com/android/build/gradle/tasks/RenderscriptCompile$ConfigAction$$Lambda$86
instanceKlass com/android/build/gradle/tasks/RenderscriptCompile$ConfigAction$$Lambda$85
instanceKlass com/android/build/gradle/tasks/RenderscriptCompile$ConfigAction$$Lambda$84
instanceKlass java/lang/invoke/LambdaForm$DMH
instanceKlass com/android/build/gradle/tasks/RenderscriptCompile$ConfigAction
instanceKlass com/android/build/gradle/tasks/GenerateResValues$ConfigAction$$Lambda$83
instanceKlass com/android/build/gradle/tasks/GenerateResValues$ConfigAction
instanceKlass com/android/build/gradle/internal/scope/VariantOutputScope$1
instanceKlass com/android/build/gradle/tasks/MergeManifests$ConfigAction$4
instanceKlass com/android/build/gradle/tasks/MergeManifests$ConfigAction$3
instanceKlass com/android/build/gradle/tasks/MergeManifests$ConfigAction$2
instanceKlass com/android/build/gradle/tasks/MergeManifests$ConfigAction$1
instanceKlass org/gradle/api/internal/project/taskfactory/AnnotationProcessingTaskFactory$4
instanceKlass org/gradle/api/internal/project/taskfactory/InputFilesPropertyAnnotationHandler$1
instanceKlass org/gradle/api/tasks/SkipWhenEmpty
instanceKlass org/gradle/api/tasks/incremental/IncrementalTaskInputs
instanceKlass com/android/build/gradle/tasks/MergeManifests$ConfigAction
instanceKlass com/android/build/gradle/internal/TaskManager$$Lambda$82
instanceKlass com/android/build/gradle/internal/TaskManager$$Lambda$81
instanceKlass com/android/build/gradle/internal/TaskManager$$Lambda$80
instanceKlass com/android/build/gradle/internal/TaskManager$$Lambda$79
instanceKlass com/android/build/gradle/internal/TaskManager$$Lambda$78
instanceKlass com/android/build/gradle/internal/TaskManager$$Lambda$77
instanceKlass com/android/build/gradle/internal/TaskManager$$Lambda$76
instanceKlass com/android/build/gradle/internal/TaskManager$$Lambda$75
instanceKlass com/android/build/gradle/internal/TaskManager$$Lambda$74
instanceKlass com/android/build/gradle/internal/pipeline/OriginalStream$Builder
instanceKlass com/android/build/gradle/internal/pipeline/OriginalStream$$Lambda$73
instanceKlass com/android/build/api/transform/QualifiedContent
instanceKlass com/android/build/gradle/internal/pipeline/IncrementalTransformInput
instanceKlass com/android/build/api/transform/TransformInput
instanceKlass com/android/build/gradle/internal/tasks/CheckManifest$ConfigAction$$Lambda$72
instanceKlass com/android/build/gradle/internal/tasks/CheckManifest$ConfigAction
instanceKlass com/android/build/gradle/internal/TaskManager$8
instanceKlass com/android/build/gradle/internal/TaskManager$$Lambda$71
instanceKlass com/android/build/gradle/internal/TaskManager$$Lambda$70
instanceKlass com/android/build/gradle/internal/TaskManager$$Lambda$69
instanceKlass com/android/build/gradle/internal/scope/AndroidTask$1
instanceKlass com/android/build/gradle/internal/tasks/PrepareDependenciesTask$ConfigAction
instanceKlass com/android/build/gradle/internal/TaskManager$$Lambda$68
instanceKlass com/android/build/gradle/internal/VariantManager$4
instanceKlass com/android/build/gradle/internal/VariantManager$7
instanceKlass com/android/build/gradle/internal/TaskManager$$Lambda$67
instanceKlass com/android/build/gradle/internal/TaskManager$$Lambda$66
instanceKlass com/android/build/gradle/internal/TaskManager$$Lambda$65
instanceKlass com/android/build/gradle/internal/TaskManager$$Lambda$64
instanceKlass com/android/build/gradle/internal/TaskManager$$Lambda$63
instanceKlass com/android/build/gradle/internal/TaskManager$$Lambda$62
instanceKlass com/android/build/gradle/internal/TaskManager$$Lambda$61
instanceKlass org/gradle/api/internal/ConventionAwareHelper$MappedPropertyImpl
instanceKlass org/gradle/api/internal/ConventionAwareHelper$2
instanceKlass com/android/build/gradle/internal/scope/ConventionMappingHelper
instanceKlass com/android/build/gradle/internal/tasks/MockableAndroidJarTask$ConfigAction$1
instanceKlass com/android/build/gradle/internal/tasks/MockableAndroidJarTask$ConfigAction
instanceKlass com/android/build/gradle/internal/VariantDimensionData$1
instanceKlass com/google/wireless/android/sdk/stats/AndroidStudioStats$GradleBuildVariant$VariantType$1
instanceKlass org/gradle/api/internal/tasks/DefaultTaskInputs$1
instanceKlass org/gradle/api/internal/project/taskfactory/InputFilePropertyAnnotationHandler$2
instanceKlass org/apache/commons/lang/text/StrTokenizer
instanceKlass org/apache/commons/lang/text/StrBuilder
instanceKlass com/google/common/collect/AbstractMapBasedMultimap$AsMap$AsMapIterator
instanceKlass org/gradle/api/internal/artifacts/configurations/TasksFromDependentProjects$TaskDependencyChecker
instanceKlass com/android/build/gradle/internal/DependencyManager$1
instanceKlass org/gradle/api/tasks/util/internal/CachingPatternSpecFactory$CachingSpec$1
instanceKlass org/gradle/api/tasks/util/internal/CachingPatternSpecFactory$CacheKey
instanceKlass org/gradle/api/internal/file/AbstractFileTreeElement
instanceKlass java/nio/file/Files$3
instanceKlass java/nio/file/FileTreeWalker$Event
instanceKlass java/nio/file/FileTreeWalker$DirectoryNode
instanceKlass java/util/ArrayDeque$DeqIterator
instanceKlass java/nio/file/FileTreeWalker$1
instanceKlass java/nio/file/FileTreeWalker
instanceKlass org/gradle/api/internal/file/collections/jdk7/Jdk7DirectoryWalker$1
instanceKlass org/gradle/api/internal/file/pattern/FixedPatternStep
instanceKlass org/gradle/api/internal/file/pattern/HasPrefixPatternStep
instanceKlass org/gradle/api/internal/file/pattern/HasPrefixAndSuffixPatternStep
instanceKlass org/gradle/api/internal/file/pattern/GreedyPathMatcher
instanceKlass org/apache/tools/ant/util/SymbolicLinkUtils
instanceKlass org/apache/tools/ant/DirectoryScanner
instanceKlass org/apache/tools/ant/types/selectors/SelectorScanner
instanceKlass org/apache/tools/ant/FileScanner
instanceKlass org/gradle/api/tasks/util/internal/CachingPatternSpecFactory$CachingSpec
instanceKlass org/gradle/api/internal/file/RelativePathSpec
instanceKlass org/gradle/api/internal/file/pattern/PatternMatcherFactory$PathMatcherBackedSpec
instanceKlass org/gradle/api/internal/file/pattern/FixedStepsPathMatcher
instanceKlass org/gradle/api/internal/file/pattern/HasSuffixPatternStep
instanceKlass org/gradle/api/internal/file/pattern/AnyWildcardPatternStep
instanceKlass org/gradle/api/internal/file/pattern/PatternStep
instanceKlass org/gradle/api/internal/file/pattern/PatternStepFactory
instanceKlass org/gradle/api/internal/file/pattern/EndOfPathMatcher
instanceKlass org/gradle/api/internal/file/pattern/PathMatcher
instanceKlass org/gradle/api/internal/file/pattern/PatternMatcherFactory
instanceKlass org/gradle/api/tasks/util/internal/CachingPatternSpecFactory$1
instanceKlass org/gradle/api/tasks/util/internal/CachingPatternSpecFactory$SpecKey
instanceKlass org/gradle/api/file/RelativePath
instanceKlass org/gradle/api/file/EmptyFileVisitor
instanceKlass java/nio/file/FileVisitor
instanceKlass org/gradle/api/internal/file/collections/jdk7/Jdk7DirectoryWalker
instanceKlass org/gradle/api/internal/file/collections/DirectoryWalker
instanceKlass org/gradle/api/internal/file/collections/DefaultDirectoryWalkerFactory
instanceKlass org/gradle/api/internal/file/collections/DirectoryFileTree
instanceKlass org/gradle/api/internal/file/collections/LocalFileTree
instanceKlass org/gradle/api/internal/file/collections/RandomAccessFileCollection
instanceKlass org/gradle/api/internal/file/collections/PatternFilterableFileTree
instanceKlass com/android/builder/dependency/AbstractBundleDependency
instanceKlass com/android/builder/dependency/JarDependency
instanceKlass com/android/builder/dependency/SkippableLibrary
instanceKlass com/android/builder/dependency/MavenCoordinatesImpl
instanceKlass org/gradle/api/internal/artifacts/result/AbstractDependencyResult
instanceKlass org/gradle/api/artifacts/result/ResolvedDependencyResult
instanceKlass org/gradle/api/internal/artifacts/ivyservice/resolveengine/result/DefaultInternalDependencyResult
instanceKlass org/gradle/api/internal/artifacts/ivyservice/resolveengine/result/DefaultModuleVersionSelection
instanceKlass org/gradle/api/internal/artifacts/ivyservice/resolveengine/result/StreamingResolutionResultBuilder$RootFactory$1$1
instanceKlass org/gradle/api/internal/cache/BinaryStore$ReadAction
instanceKlass org/gradle/api/internal/artifacts/ivyservice/resolveengine/result/StreamingResolutionResultBuilder$RootFactory$1
instanceKlass org/gradle/api/internal/artifacts/ivyservice/ErrorHandlingConfigurationResolver$ErrorHandlingLenientConfiguration
instanceKlass org/gradle/api/internal/artifacts/ivyservice/ivyresolve/CachingModuleComponentRepository$ArtifactIdToMetaData
instanceKlass org/gradle/api/internal/artifacts/ivyservice/modulecache/DefaultModuleArtifactsCache$DefaultCachedArtifacts
instanceKlass org/gradle/api/internal/artifacts/ivyservice/modulecache/DefaultModuleArtifactsCache$ModuleArtifactsCacheEntry
instanceKlass org/gradle/api/internal/artifacts/ivyservice/modulecache/DefaultModuleArtifactsCache$ModuleArtifactsCacheEntrySerializer
instanceKlass org/gradle/api/internal/artifacts/ivyservice/modulecache/DefaultModuleArtifactsCache$ModuleArtifactsKeySerializer
instanceKlass org/gradle/api/internal/artifacts/ivyservice/modulecache/DefaultModuleArtifactsCache$ModuleArtifactsKey
instanceKlass org/gradle/internal/resource/metadata/DefaultExternalResourceMetaData
instanceKlass org/gradle/internal/typeconversion/FlatteningNotationParser
instanceKlass org/gradle/api/internal/artifacts/dsl/ModuleVersionSelectorParsers$StringConverter
instanceKlass org/gradle/api/internal/artifacts/dsl/ModuleVersionSelectorParsers
instanceKlass org/gradle/api/internal/artifacts/configurations/DetachedConfigurationsProvider
instanceKlass com/android/builder/dependency/DependencyContainerImpl
instanceKlass com/android/build/gradle/internal/profile/SpanRecorders
instanceKlass com/android/build/gradle/internal/dependency/DependencyChecker
instanceKlass com/android/build/gradle/internal/dependency/VariantDependencies
instanceKlass com/android/build/gradle/internal/scope/VariantOutputScope
instanceKlass com/android/build/gradle/internal/variant/BaseVariantOutputData$$Lambda$60
instanceKlass com/android/build/gradle/api/ApkOutputFile
instanceKlass com/android/build/OutputFile
instanceKlass com/android/build/gradle/internal/variant/BaseVariantData$2
instanceKlass com/android/ide/common/res2/NoOpResourcePreprocessor
instanceKlass com/android/ide/common/res2/DataFile
instanceKlass com/android/ide/common/res2/ResourcePreprocessor
instanceKlass com/android/ide/common/res2/DataSet
instanceKlass com/android/ide/common/res2/DataMap
instanceKlass com/android/ide/common/res2/SourceSet
instanceKlass org/gradle/api/internal/file/collections/ListBackedFileSet
instanceKlass com/android/build/gradle/internal/incremental/InstantRunBuildContext$Build
instanceKlass com/android/build/gradle/internal/incremental/InstantRunBuildContext
instanceKlass com/android/build/gradle/internal/pipeline/FilterableStreamCollection
instanceKlass com/android/build/gradle/internal/scope/GenericVariantScopeImpl
instanceKlass android/databinding/tool/LayoutXmlProcessor$OriginalFileLookup
instanceKlass com/android/build/gradle/internal/scope/VariantScope
instanceKlass com/android/build/gradle/internal/core/GradleVariantConfiguration$$Lambda$59
instanceKlass com/android/build/gradle/internal/core/GradleVariantConfiguration$$Lambda$58
instanceKlass com/android/build/gradle/internal/core/GradleVariantConfiguration$$Lambda$57
instanceKlass com/android/build/gradle/internal/core/GradleVariantConfiguration$$Lambda$56
instanceKlass com/android/build/gradle/internal/core/GradleVariantConfiguration$$Lambda$55
instanceKlass com/android/build/gradle/internal/core/GradleVariantConfiguration$$Lambda$54
instanceKlass com/android/build/gradle/internal/core/GradleVariantConfiguration$$Lambda$53
instanceKlass com/android/build/gradle/internal/core/GradleVariantConfiguration$$Lambda$52
instanceKlass com/android/build/gradle/internal/core/GradleVariantConfiguration$$Lambda$51
instanceKlass com/android/build/gradle/internal/core/GradleVariantConfiguration$$Lambda$50
instanceKlass com/android/build/gradle/internal/core/GradleVariantConfiguration$$Lambda$49
instanceKlass com/android/build/gradle/internal/core/GradleVariantConfiguration$$Lambda$48
instanceKlass com/android/build/gradle/internal/core/GradleVariantConfiguration$$Lambda$47
instanceKlass com/android/build/gradle/internal/core/GradleVariantConfiguration$$Lambda$46
instanceKlass java/lang/invoke/LambdaForm$DMH
instanceKlass com/android/build/gradle/internal/core/GradleVariantConfiguration$$Lambda$45
instanceKlass com/android/build/gradle/internal/core/GradleVariantConfiguration$$Lambda$44
instanceKlass com/android/build/gradle/internal/core/MergedJavaCompileOptions
instanceKlass com/android/build/gradle/internal/core/MergedExternalNativeCmakeOptions
instanceKlass com/android/build/gradle/internal/core/MergedExternalNativeNdkBuildOptions
instanceKlass com/android/build/gradle/internal/core/MergedExternalNativeBuildOptions
instanceKlass com/android/build/gradle/internal/core/MergedJackOptions
instanceKlass com/android/build/gradle/internal/core/MergedNdkConfig
instanceKlass java/util/OptionalInt
instanceKlass com/android/builder/core/VariantConfiguration$ApiVersions
instanceKlass java/util/stream/FindOps$$Lambda$43
instanceKlass java/lang/invoke/LambdaForm$DMH
instanceKlass java/util/stream/FindOps$FindSink
instanceKlass java/util/stream/FindOps$$Lambda$42
instanceKlass java/lang/invoke/LambdaForm$DMH
instanceKlass java/util/stream/FindOps$FindOp
instanceKlass java/util/stream/FindOps
instanceKlass java/util/stream/SortedOps
instanceKlass com/android/builder/core/VariantConfiguration$$Lambda$41
instanceKlass com/android/builder/core/VariantConfiguration$$Lambda$40
instanceKlass java/lang/invoke/LambdaForm$DMH
instanceKlass java/util/ArrayList$ArrayListSpliterator
instanceKlass com/android/build/gradle/internal/core/GradleVariantConfiguration$VariantConfigurationBuilder
instanceKlass com/android/build/gradle/TestAndroidConfig
instanceKlass com/android/build/gradle/internal/core/GradleVariantConfiguration$Builder
instanceKlass com/android/builder/core/ManifestAttributeSupplier
instanceKlass com/android/build/gradle/internal/SdkHandler$$Lambda$39
instanceKlass com/android/builder/core/DexByteCodeConverter
instanceKlass com/android/builder/sdk/TargetInfo
instanceKlass com/google/common/base/Objects
instanceKlass com/google/common/collect/HashBiMap$Itr
instanceKlass com/android/sdklib/repository/targets/OptionalLibraryImpl
instanceKlass com/google/gson/internal/ConstructorConstructor$8
instanceKlass com/google/common/collect/FluentIterable
instanceKlass com/google/common/io/ByteSource
instanceKlass com/google/common/io/ByteSink
instanceKlass com/google/common/collect/TreeTraverser
instanceKlass com/google/common/io/Files
instanceKlass com/google/gson/internal/$Gson$Types$ParameterizedTypeImpl
instanceKlass com/android/sdklib/repository/targets/PlatformTarget$Library
instanceKlass com/android/sdklib/AndroidTargetHash
instanceKlass com/google/common/collect/Iterables
instanceKlass com/android/sdklib/repository/PackageParserUtils
instanceKlass com/google/common/collect/AbstractMapBasedMultimap$WrappedCollection$WrappedIterator
instanceKlass java/util/stream/ReduceOps$2ReducingSink
instanceKlass java/util/stream/ReduceOps$AccumulatingSink
instanceKlass java/util/stream/TerminalSink
instanceKlass java/util/stream/ReduceOps$ReduceOp
instanceKlass java/util/stream/TerminalOp
instanceKlass java/util/stream/ReduceOps
instanceKlass java/util/function/BinaryOperator$$Lambda$38
instanceKlass java/util/function/BinaryOperator
instanceKlass com/android/sdklib/repository/AndroidSdkHandler$$Lambda$37
instanceKlass java/lang/invoke/LambdaForm$DMH
instanceKlass java/lang/invoke/LambdaForm$MH
instanceKlass java/lang/invoke/LambdaForm$DMH
instanceKlass com/android/sdklib/repository/AndroidSdkHandler$$Lambda$36
instanceKlass com/android/sdklib/repository/AndroidSdkHandler$$Lambda$35
instanceKlass com/android/sdklib/repository/AndroidSdkHandler$$Lambda$34
instanceKlass com/android/io/IAbstractFolder
instanceKlass com/android/sdklib/internal/project/ProjectProperties
instanceKlass com/android/sdklib/internal/project/IPropertySource
instanceKlass com/android/sdklib/repository/targets/PlatformTarget
instanceKlass com/android/sdklib/repository/targets/AndroidTargetManager$$Lambda$33
instanceKlass java/lang/invoke/LambdaForm$MH
instanceKlass java/util/Comparator$$Lambda$32
instanceKlass java/lang/invoke/LambdaForm$DMH
instanceKlass com/android/sdklib/repository/targets/AndroidTargetManager$$Lambda$31
instanceKlass java/lang/invoke/LambdaForm$DMH
instanceKlass java/util/Comparator$$Lambda$30
instanceKlass java/lang/invoke/LambdaForm$DMH
instanceKlass com/android/sdklib/repository/targets/AndroidTargetManager$$Lambda$29
instanceKlass com/android/sdklib/AndroidVersion
instanceKlass com/android/sdklib/IAndroidTarget
instanceKlass com/android/sdklib/repository/targets/AndroidTargetManager
instanceKlass com/android/utils/StdLogger
instanceKlass com/android/SdkConstants
instanceKlass com/android/builder/sdk/SdkInfo
instanceKlass com/android/sdklib/repository/AndroidSdkHandler$1
instanceKlass com/android/sdklib/repository/legacy/remote/internal/ITaskMonitor
instanceKlass com/android/sdklib/repository/legacy/remote/internal/sources/SdkSource
instanceKlass com/android/sdklib/repository/legacy/LegacyRemoteRepoLoader
instanceKlass com/android/repository/Revision$1
instanceKlass com/google/common/collect/ComparisonChain
instanceKlass java/nio/file/attribute/FileTime
instanceKlass java/util/AbstractList$1
instanceKlass com/sun/xml/internal/bind/v2/runtime/unmarshaller/DefaultIDResolver$1
instanceKlass com/sun/xml/internal/bind/DatatypeConverterImpl
instanceKlass javax/xml/bind/DatatypeConverterInterface
instanceKlass com/sun/org/apache/xerces/internal/impl/xpath/regex/RegularExpression$ClosureContext
instanceKlass com/sun/org/apache/xerces/internal/impl/xpath/regex/RegularExpression$ExpressionTarget
instanceKlass com/sun/org/apache/xerces/internal/impl/xpath/regex/RegularExpression$Context
instanceKlass com/sun/org/apache/xerces/internal/impl/xpath/regex/Op
instanceKlass com/sun/org/apache/xerces/internal/impl/xs/AttributePSVImpl
instanceKlass com/sun/org/apache/xerces/internal/xs/AttributePSVI
instanceKlass org/xml/sax/helpers/AttributesImpl
instanceKlass com/sun/org/apache/xerces/internal/impl/Constants$ArrayEnumeration
instanceKlass com/sun/org/apache/xerces/internal/impl/Constants
instanceKlass com/sun/org/apache/xerces/internal/impl/xs/XSDeclarationPool
instanceKlass com/sun/org/apache/xerces/internal/parsers/AbstractSAXParser$LocatorProxy
instanceKlass com/sun/org/apache/xerces/internal/util/EntityResolverWrapper
instanceKlass com/sun/xml/internal/bind/v2/runtime/unmarshaller/TagName
instanceKlass com/sun/xml/internal/bind/v2/runtime/unmarshaller/SAXConnector
instanceKlass javax/xml/bind/UnmarshallerHandler
instanceKlass com/sun/xml/internal/bind/v2/util/FatalAdapter
instanceKlass com/sun/org/apache/xerces/internal/jaxp/validation/ValidatorHandlerImpl$ResolutionForwarder
instanceKlass javax/xml/validation/TypeInfoProvider
instanceKlass com/sun/org/apache/xerces/internal/util/AttributesProxy
instanceKlass com/sun/org/apache/xerces/internal/util/SAXLocatorWrapper
instanceKlass com/sun/org/apache/xerces/internal/impl/xs/XMLSchemaValidator$LocalIDKey
instanceKlass com/sun/org/apache/xerces/internal/impl/xs/XMLSchemaValidator$ValueStoreCache
instanceKlass com/sun/org/apache/xerces/internal/util/IntStack
instanceKlass com/sun/org/apache/xerces/internal/impl/xs/identity/XPathMatcher
instanceKlass com/sun/org/apache/xerces/internal/impl/xs/XMLSchemaValidator$XPathMatcherStack
instanceKlass com/sun/org/apache/xerces/internal/impl/xs/XSNotationDecl
instanceKlass com/sun/org/apache/xerces/internal/xs/XSNotationDeclaration
instanceKlass com/sun/org/apache/xerces/internal/impl/xs/XMLSchemaValidator$XSIErrorReporter
instanceKlass com/sun/org/apache/xerces/internal/impl/xs/ElementPSVImpl
instanceKlass com/sun/org/apache/xerces/internal/xs/ElementPSVI
instanceKlass com/sun/org/apache/xerces/internal/xs/ItemPSVI
instanceKlass com/sun/org/apache/xerces/internal/impl/xs/XMLSchemaValidator
instanceKlass com/sun/org/apache/xerces/internal/impl/xs/identity/FieldActivator
instanceKlass javax/xml/validation/ValidatorHandler
instanceKlass com/sun/org/apache/xerces/internal/jaxp/validation/ValidatorHelper
instanceKlass com/sun/org/apache/xerces/internal/impl/validation/EntityState
instanceKlass com/sun/xml/internal/bind/v2/runtime/unmarshaller/ValidatingUnmarshaller
instanceKlass com/sun/org/apache/xerces/internal/parsers/AbstractSAXParser$AttributesProxy
instanceKlass com/sun/org/apache/xerces/internal/impl/dtd/DTDGrammarBucket
instanceKlass com/sun/org/apache/xerces/internal/impl/dtd/XMLAttributeDecl
instanceKlass com/sun/org/apache/xerces/internal/impl/dtd/XMLSimpleType
instanceKlass com/sun/org/apache/xerces/internal/impl/dtd/XMLElementDecl
instanceKlass com/sun/org/apache/xerces/internal/impl/dtd/XMLDTDValidator
instanceKlass com/sun/org/apache/xerces/internal/impl/dtd/XMLDTDValidatorFilter
instanceKlass com/sun/org/apache/xerces/internal/impl/dtd/XMLEntityDecl
instanceKlass com/sun/org/apache/xerces/internal/impl/dtd/XMLDTDProcessor
instanceKlass com/sun/org/apache/xerces/internal/xni/parser/XMLDTDContentModelFilter
instanceKlass com/sun/org/apache/xerces/internal/xni/parser/XMLDTDFilter
instanceKlass com/sun/org/apache/xerces/internal/parsers/XML11Configurable
instanceKlass com/sun/org/apache/xerces/internal/parsers/XMLParser
instanceKlass com/sun/org/apache/xerces/internal/xs/PSVIProvider
instanceKlass com/sun/org/apache/xerces/internal/jaxp/JAXPConstants
instanceKlass javax/xml/parsers/SecuritySupport$1
instanceKlass org/xml/sax/helpers/XMLFilterImpl
instanceKlass javax/xml/transform/sax/SAXSource
instanceKlass com/android/repository/impl/meta/SchemaModuleUtil$2
instanceKlass com/sun/xml/internal/bind/v2/runtime/unmarshaller/UnmarshallingContext$State
instanceKlass com/sun/xml/internal/bind/v2/runtime/unmarshaller/Scope
instanceKlass com/sun/xml/internal/bind/v2/runtime/unmarshaller/LocatorExWrapper
instanceKlass com/sun/xml/internal/bind/v2/runtime/unmarshaller/LocatorEx
instanceKlass com/sun/xml/internal/bind/v2/runtime/Coordinator
instanceKlass com/sun/xml/internal/bind/v2/runtime/unmarshaller/XmlVisitor$TextPredictor
instanceKlass com/sun/xml/internal/bind/v2/runtime/unmarshaller/XmlVisitor
instanceKlass javax/xml/namespace/NamespaceContext
instanceKlass com/sun/xml/internal/bind/IDResolver
instanceKlass javax/xml/bind/helpers/DefaultValidationEventHandler
instanceKlass javax/xml/bind/helpers/AbstractUnmarshallerImpl
instanceKlass com/sun/org/apache/xerces/internal/jaxp/validation/ReadOnlyGrammarPool
instanceKlass javax/xml/validation/Schema
instanceKlass com/sun/org/apache/xerces/internal/jaxp/validation/XSGrammarPoolContainer
instanceKlass com/sun/org/apache/xerces/internal/impl/xs/models/XSAllCM
instanceKlass com/sun/org/apache/xerces/internal/impl/dtd/models/CMStateSet
instanceKlass com/sun/org/apache/xerces/internal/impl/xs/models/XSDFACM
instanceKlass com/sun/org/apache/xerces/internal/impl/dtd/models/CMNode
instanceKlass com/sun/org/apache/xerces/internal/impl/xs/XSConstraints$1
instanceKlass com/sun/org/apache/xerces/internal/impl/xs/XSConstraints
instanceKlass com/sun/org/apache/xerces/internal/impl/xs/traversers/XSDAbstractTraverser$FacetInfo
instanceKlass com/sun/org/apache/xerces/internal/impl/xs/XSModelGroupImpl
instanceKlass com/sun/org/apache/xerces/internal/xs/XSModelGroup
instanceKlass com/sun/org/apache/xerces/internal/impl/xs/util/XSObjectListImpl$1
instanceKlass com/sun/org/apache/xerces/internal/xs/XSObjectList
instanceKlass com/sun/org/apache/xerces/internal/xs/datatypes/XSQName
instanceKlass com/sun/org/apache/xerces/internal/impl/xs/XSAttributeUseImpl
instanceKlass com/sun/org/apache/xerces/internal/xs/XSAttributeUse
instanceKlass com/sun/org/apache/xerces/internal/impl/xs/XSAttributeGroupDecl
instanceKlass com/sun/org/apache/xerces/internal/xs/XSAttributeGroupDefinition
instanceKlass com/sun/org/apache/xerces/internal/impl/xs/XSAnnotationImpl
instanceKlass com/sun/org/apache/xerces/internal/xs/XSAnnotation
instanceKlass com/sun/org/apache/xerces/internal/dom/DOMInputImpl
instanceKlass org/w3c/dom/ls/LSInput
instanceKlass com/sun/org/apache/xerces/internal/impl/xs/opti/NamedNodeMapImpl
instanceKlass com/sun/org/apache/xerces/internal/impl/xs/identity/IdentityConstraint
instanceKlass com/sun/org/apache/xerces/internal/xs/XSIDCDefinition
instanceKlass com/sun/org/apache/xerces/internal/impl/xs/traversers/XSDAbstractParticleTraverser$ParticleArray
instanceKlass com/sun/org/apache/xerces/internal/impl/validation/ValidationState
instanceKlass com/sun/org/apache/xerces/internal/impl/xs/traversers/XSDAbstractTraverser
instanceKlass com/sun/org/apache/xerces/internal/impl/xs/traversers/Container
instanceKlass com/sun/org/apache/xerces/internal/impl/xs/traversers/OneAttr
instanceKlass com/sun/org/apache/xerces/internal/impl/xs/XSAttributeDecl
instanceKlass com/sun/org/apache/xerces/internal/xs/XSAttributeDeclaration
instanceKlass com/sun/org/apache/xerces/internal/impl/xs/XSGroupDecl
instanceKlass com/sun/org/apache/xerces/internal/xs/XSModelGroupDefinition
instanceKlass com/sun/org/apache/xerces/internal/impl/xs/XSComplexTypeDecl
instanceKlass com/sun/org/apache/xerces/internal/xs/XSComplexTypeDefinition
instanceKlass com/sun/org/apache/xerces/internal/impl/xs/SchemaGrammar
instanceKlass com/sun/org/apache/xerces/internal/xs/XSNamespaceItem
instanceKlass com/sun/org/apache/xerces/internal/xni/grammars/XSGrammar
instanceKlass com/sun/org/apache/xerces/internal/impl/xs/util/XInt
instanceKlass com/sun/org/apache/xerces/internal/impl/xs/util/XIntPool
instanceKlass com/sun/org/apache/xerces/internal/impl/xs/traversers/XSAttributeChecker
instanceKlass com/sun/org/apache/xerces/internal/impl/xs/traversers/XSDHandler$XSDKey
instanceKlass com/sun/org/apache/xerces/internal/util/DOMUtil
instanceKlass com/sun/org/apache/xerces/internal/util/NamespaceSupport$Prefixes
instanceKlass com/sun/org/apache/xerces/internal/impl/xs/SchemaSymbols
instanceKlass com/sun/org/apache/xerces/internal/impl/xs/opti/DefaultNode
instanceKlass com/sun/org/apache/xerces/internal/util/XMLSymbols
instanceKlass com/sun/org/apache/xerces/internal/impl/ExternalSubsetResolver
instanceKlass com/sun/xml/internal/stream/Entity
instanceKlass com/sun/xml/internal/stream/util/BufferAllocator
instanceKlass com/sun/xml/internal/stream/util/ThreadLocalBufferAllocator
instanceKlass com/sun/org/apache/xerces/internal/utils/XMLLimitAnalyzer
instanceKlass com/sun/org/apache/xerces/internal/xni/grammars/Grammar
instanceKlass com/sun/org/apache/xerces/internal/impl/xpath/regex/Token
instanceKlass java/util/ResourceBundle$Control$1
instanceKlass com/sun/org/apache/xerces/internal/utils/SecuritySupport$7
instanceKlass com/sun/org/apache/xerces/internal/impl/xpath/regex/RegexParser
instanceKlass com/sun/org/apache/xerces/internal/impl/xpath/regex/REUtil
instanceKlass com/sun/org/apache/xerces/internal/impl/xpath/regex/RegularExpression
instanceKlass com/sun/org/apache/xerces/internal/impl/dv/xs/DecimalDV$XDecimal
instanceKlass com/sun/org/apache/xerces/internal/xs/datatypes/XSDecimal
instanceKlass com/sun/org/apache/xerces/internal/util/XMLChar
instanceKlass com/sun/org/apache/xerces/internal/impl/dv/ValidatedInfo
instanceKlass com/sun/org/apache/xerces/internal/impl/dv/XSFacets
instanceKlass com/sun/org/apache/xerces/internal/impl/dv/xs/XSSimpleTypeDecl$4
instanceKlass com/sun/org/apache/xerces/internal/impl/dv/xs/XSSimpleTypeDecl$1
instanceKlass com/sun/org/apache/xerces/internal/impl/dv/ValidationContext
instanceKlass com/sun/org/apache/xerces/internal/util/URI
instanceKlass com/sun/org/apache/xerces/internal/impl/dv/xs/AbstractDateTimeDV$DateTimeData
instanceKlass com/sun/org/apache/xerces/internal/xs/datatypes/XSDateTime
instanceKlass javax/xml/datatype/DatatypeFactory
instanceKlass com/sun/org/apache/xerces/internal/impl/dv/xs/TypeValidator
instanceKlass com/sun/org/apache/xerces/internal/impl/dv/xs/XSSimpleTypeDecl
instanceKlass com/sun/org/apache/xerces/internal/impl/dv/XSSimpleType
instanceKlass com/sun/org/apache/xerces/internal/xs/XSSimpleTypeDefinition
instanceKlass com/sun/org/apache/xerces/internal/xs/XSTypeDefinition
instanceKlass com/sun/org/apache/xerces/internal/utils/SecuritySupport$3
instanceKlass com/sun/org/apache/xerces/internal/utils/SecuritySupport$2
instanceKlass com/sun/org/apache/xerces/internal/utils/SecuritySupport$1
instanceKlass com/sun/org/apache/xerces/internal/utils/ObjectFactory
instanceKlass com/sun/org/apache/xerces/internal/impl/dv/SchemaDVFactory
instanceKlass com/sun/org/apache/xerces/internal/xni/parser/XMLInputSource
instanceKlass com/sun/org/apache/xerces/internal/util/XMLGrammarPoolImpl$Entry
instanceKlass com/sun/org/apache/xerces/internal/util/XMLGrammarPoolImpl
instanceKlass javax/xml/transform/stream/StreamSource
instanceKlass com/android/repository/impl/meta/SchemaModuleUtil$1
instanceKlass com/sun/org/apache/xerces/internal/utils/XMLSecurityPropertyManager
instanceKlass com/sun/org/apache/xerces/internal/jaxp/validation/XMLSchemaFactory$XMLGrammarPoolWrapper
instanceKlass com/sun/org/apache/xerces/internal/xni/grammars/XMLGrammarPool
instanceKlass com/sun/org/apache/xerces/internal/util/DOMEntityResolverWrapper
instanceKlass com/sun/org/apache/xerces/internal/jaxp/validation/DraconianErrorHandler
instanceKlass com/sun/org/apache/xerces/internal/util/ErrorHandlerWrapper
instanceKlass com/sun/org/apache/xerces/internal/impl/xs/opti/SchemaDOMParser$BooleanStack
instanceKlass com/sun/org/apache/xerces/internal/impl/msg/XMLMessageFormatter
instanceKlass com/sun/org/apache/xerces/internal/impl/XMLVersionDetector
instanceKlass com/sun/org/apache/xerces/internal/impl/validation/ValidationManager
instanceKlass com/sun/org/apache/xerces/internal/impl/dv/dtd/NMTOKENDatatypeValidator
instanceKlass com/sun/org/apache/xerces/internal/impl/dv/dtd/NOTATIONDatatypeValidator
instanceKlass com/sun/org/apache/xerces/internal/impl/dv/dtd/ENTITYDatatypeValidator
instanceKlass com/sun/org/apache/xerces/internal/impl/dv/dtd/ListDatatypeValidator
instanceKlass com/sun/org/apache/xerces/internal/impl/dv/dtd/IDREFDatatypeValidator
instanceKlass com/sun/org/apache/xerces/internal/impl/dv/dtd/IDDatatypeValidator
instanceKlass com/sun/org/apache/xerces/internal/impl/dv/dtd/StringDatatypeValidator
instanceKlass com/sun/org/apache/xerces/internal/impl/dv/DatatypeValidator
instanceKlass com/sun/org/apache/xerces/internal/impl/dv/DTDDVFactory
instanceKlass com/sun/org/apache/xerces/internal/xni/parser/XMLDTDScanner
instanceKlass com/sun/org/apache/xerces/internal/xni/parser/XMLDTDContentModelSource
instanceKlass com/sun/org/apache/xerces/internal/xni/parser/XMLDTDSource
instanceKlass com/sun/org/apache/xerces/internal/xni/grammars/XMLDTDDescription
instanceKlass com/sun/org/apache/xerces/internal/impl/XMLDocumentScannerImpl$TrailingMiscDriver
instanceKlass com/sun/org/apache/xerces/internal/impl/XMLDocumentScannerImpl$PrologDriver
instanceKlass com/sun/org/apache/xerces/internal/impl/XMLDocumentScannerImpl$XMLDeclDriver
instanceKlass com/sun/org/apache/xerces/internal/util/NamespaceSupport
instanceKlass com/sun/org/apache/xerces/internal/xni/NamespaceContext
instanceKlass com/sun/org/apache/xerces/internal/util/XMLAttributesImpl$Attribute
instanceKlass com/sun/org/apache/xerces/internal/util/XMLAttributesImpl
instanceKlass com/sun/org/apache/xerces/internal/xni/XMLAttributes
instanceKlass com/sun/org/apache/xerces/internal/impl/XMLDocumentFragmentScannerImpl$FragmentContentDriver
instanceKlass com/sun/org/apache/xerces/internal/impl/XMLDocumentFragmentScannerImpl$Driver
instanceKlass com/sun/org/apache/xerces/internal/impl/XMLDocumentFragmentScannerImpl$ElementStack2
instanceKlass com/sun/org/apache/xerces/internal/xni/QName
instanceKlass com/sun/org/apache/xerces/internal/impl/XMLDocumentFragmentScannerImpl$ElementStack
instanceKlass com/sun/org/apache/xerces/internal/xni/XMLString
instanceKlass com/sun/org/apache/xerces/internal/impl/XMLScanner
instanceKlass com/sun/xml/internal/stream/XMLBufferListener
instanceKlass com/sun/org/apache/xerces/internal/impl/XMLEntityHandler
instanceKlass com/sun/org/apache/xerces/internal/xni/parser/XMLDocumentScanner
instanceKlass com/sun/org/apache/xerces/internal/xni/parser/XMLPullParserConfiguration
instanceKlass com/sun/org/apache/xerces/internal/xni/parser/XMLParserConfiguration
instanceKlass com/sun/org/apache/xerces/internal/impl/xs/opti/DefaultXMLDocumentHandler
instanceKlass com/sun/org/apache/xerces/internal/xni/XMLDTDContentModelHandler
instanceKlass com/sun/org/apache/xerces/internal/xni/XMLDTDHandler
instanceKlass com/sun/org/apache/xerces/internal/impl/xs/util/SimpleLocator
instanceKlass com/sun/org/apache/xerces/internal/util/SymbolHash$Entry
instanceKlass com/sun/org/apache/xerces/internal/util/SymbolHash
instanceKlass com/sun/org/apache/xerces/internal/impl/xs/traversers/XSDocumentInfo
instanceKlass com/sun/org/apache/xerces/internal/impl/xs/XSParticleDecl
instanceKlass com/sun/org/apache/xerces/internal/xs/XSParticle
instanceKlass com/sun/org/apache/xerces/internal/impl/xs/traversers/XSDHandler
instanceKlass com/sun/org/apache/xerces/internal/impl/xs/models/XSEmptyCM
instanceKlass com/sun/org/apache/xerces/internal/impl/xs/models/XSCMValidator
instanceKlass com/sun/org/apache/xerces/internal/impl/xs/models/CMBuilder
instanceKlass com/sun/org/apache/xerces/internal/impl/xs/SubstitutionGroupHandler$OneSubGroup
instanceKlass com/sun/org/apache/xerces/internal/impl/xs/XSElementDecl
instanceKlass com/sun/org/apache/xerces/internal/xs/XSElementDeclaration
instanceKlass com/sun/org/apache/xerces/internal/xs/XSTerm
instanceKlass com/sun/org/apache/xerces/internal/xs/XSObject
instanceKlass com/sun/org/apache/xerces/internal/impl/xs/SubstitutionGroupHandler
instanceKlass com/sun/org/apache/xerces/internal/impl/xs/XSGrammarBucket
instanceKlass com/sun/org/apache/xerces/internal/util/FeatureState
instanceKlass com/sun/org/apache/xerces/internal/impl/xs/XSMessageFormatter
instanceKlass com/sun/org/apache/xerces/internal/util/MessageFormatter
instanceKlass com/sun/org/apache/xerces/internal/util/DefaultErrorHandler
instanceKlass com/sun/org/apache/xerces/internal/xni/parser/XMLErrorHandler
instanceKlass com/sun/org/apache/xerces/internal/util/PropertyState
instanceKlass com/sun/org/apache/xerces/internal/xni/grammars/XMLSchemaDescription
instanceKlass com/sun/org/apache/xerces/internal/xni/grammars/XMLGrammarDescription
instanceKlass com/sun/org/apache/xerces/internal/impl/xs/models/CMNodeFactory
instanceKlass com/sun/org/apache/xerces/internal/impl/XMLErrorReporter
instanceKlass com/sun/org/apache/xerces/internal/util/ParserConfigurationSettings
instanceKlass com/sun/org/apache/xerces/internal/xni/parser/XMLComponentManager
instanceKlass com/sun/org/apache/xerces/internal/impl/XMLEntityScanner
instanceKlass com/sun/org/apache/xerces/internal/xni/XMLLocator
instanceKlass com/sun/xml/internal/stream/XMLEntityStorage
instanceKlass com/sun/org/apache/xerces/internal/utils/SecuritySupport$8
instanceKlass com/sun/org/apache/xerces/internal/utils/SecuritySupport$4
instanceKlass com/sun/org/apache/xerces/internal/utils/SecuritySupport
instanceKlass com/sun/org/apache/xerces/internal/utils/XMLSecurityManager
instanceKlass com/sun/org/apache/xerces/internal/impl/XMLEntityManager$CharacterBuffer
instanceKlass com/sun/org/apache/xerces/internal/impl/XMLEntityManager$CharacterBufferPool
instanceKlass com/sun/org/apache/xerces/internal/util/AugmentationsImpl$AugmentationsItemsContainer
instanceKlass com/sun/org/apache/xerces/internal/util/AugmentationsImpl
instanceKlass com/sun/org/apache/xerces/internal/xni/Augmentations
instanceKlass com/sun/org/apache/xerces/internal/util/XMLResourceIdentifierImpl
instanceKlass com/sun/org/apache/xerces/internal/xni/XMLResourceIdentifier
instanceKlass com/sun/org/apache/xerces/internal/impl/XMLEntityManager
instanceKlass com/sun/org/apache/xerces/internal/xni/parser/XMLEntityResolver
instanceKlass com/sun/org/apache/xerces/internal/util/SymbolTable$Entry
instanceKlass com/sun/org/apache/xerces/internal/util/SymbolTable
instanceKlass com/sun/org/apache/xerces/internal/impl/xs/XMLSchemaLoader
instanceKlass com/sun/org/apache/xerces/internal/xs/XSLoader
instanceKlass com/sun/org/apache/xerces/internal/xni/parser/XMLComponent
instanceKlass com/sun/org/apache/xerces/internal/xni/grammars/XMLGrammarLoader
instanceKlass javax/xml/validation/SecuritySupport$5
instanceKlass javax/xml/validation/SchemaFactoryFinder$2
instanceKlass javax/xml/validation/SecuritySupport$8
instanceKlass javax/xml/validation/SecuritySupport$2
instanceKlass javax/xml/validation/SchemaFactoryFinder
instanceKlass javax/xml/validation/SecuritySupport$1
instanceKlass javax/xml/validation/SecuritySupport
instanceKlass javax/xml/validation/SchemaFactory
instanceKlass com/sun/xml/internal/bind/v2/runtime/NameList
instanceKlass com/sun/xml/internal/bind/v2/runtime/unmarshaller/Intercepter
instanceKlass com/sun/xml/internal/bind/v2/runtime/property/ArrayERProperty$ReceiverImpl
instanceKlass com/sun/xml/internal/bind/v2/runtime/unmarshaller/ChildLoader
instanceKlass com/sun/xml/internal/bind/v2/runtime/unmarshaller/StructureLoader$1
instanceKlass com/sun/xml/internal/bind/v2/runtime/property/UnmarshallerChain
instanceKlass javax/xml/bind/annotation/W3CDomHandler
instanceKlass javax/xml/bind/annotation/DomHandler
instanceKlass com/sun/xml/internal/bind/v2/model/runtime/RuntimeArrayInfo
instanceKlass com/sun/xml/internal/bind/v2/model/core/ArrayInfo
instanceKlass com/sun/xml/internal/bind/v2/runtime/ElementBeanInfoImpl$1
instanceKlass javax/xml/bind/JAXBElement$GlobalScope
instanceKlass com/sun/xml/internal/bind/v2/runtime/Utils$1
instanceKlass com/sun/xml/internal/bind/v2/runtime/Utils
instanceKlass com/sun/xml/internal/bind/v2/runtime/property/TagAndType
instanceKlass com/sun/xml/internal/bind/v2/ClassFactory
instanceKlass com/sun/xml/internal/bind/v2/runtime/reflect/Lister$2
instanceKlass com/sun/xml/internal/bind/v2/runtime/reflect/ListIterator
instanceKlass com/sun/xml/internal/bind/v2/runtime/reflect/Lister
instanceKlass com/sun/xml/internal/bind/v2/runtime/property/Utils$1
instanceKlass com/sun/xml/internal/bind/v2/runtime/property/Utils
instanceKlass com/sun/xml/internal/bind/v2/runtime/LifecycleMethods
instanceKlass com/sun/xml/internal/bind/v2/runtime/reflect/opt/OptimizedTransducedAccessorFactory
instanceKlass com/sun/xml/internal/bind/v2/runtime/reflect/opt/Injector$1
instanceKlass java/util/concurrent/locks/ReentrantReadWriteLock$WriteLock
instanceKlass java/util/concurrent/locks/ReentrantReadWriteLock$ReadLock
instanceKlass com/sun/xml/internal/bind/v2/runtime/reflect/opt/Injector
instanceKlass com/sun/xml/internal/bind/v2/runtime/reflect/opt/SecureLoader
instanceKlass com/sun/xml/internal/bind/v2/runtime/reflect/opt/AccessorInjector
instanceKlass com/sun/xml/internal/bind/v2/runtime/reflect/opt/Ref
instanceKlass com/sun/xml/internal/bind/v2/runtime/reflect/opt/Bean
instanceKlass com/sun/xml/internal/bind/v2/bytecode/ClassTailor
instanceKlass com/sun/xml/internal/bind/v2/runtime/reflect/opt/OptimizedAccessorFactory
instanceKlass com/sun/xml/internal/bind/v2/runtime/reflect/TransducedAccessor
instanceKlass com/sun/xml/internal/bind/v2/runtime/Name
instanceKlass com/sun/xml/internal/bind/v2/runtime/property/PropertyFactory$1
instanceKlass com/sun/xml/internal/bind/v2/model/runtime/RuntimeMapPropertyInfo
instanceKlass com/sun/xml/internal/bind/v2/model/core/MapPropertyInfo
instanceKlass com/sun/xml/internal/bind/v2/model/runtime/RuntimeReferencePropertyInfo
instanceKlass com/sun/xml/internal/bind/v2/model/core/ReferencePropertyInfo
instanceKlass com/sun/xml/internal/bind/v2/runtime/property/PropertyFactory
instanceKlass com/sun/xml/internal/bind/v2/runtime/property/PropertyImpl
instanceKlass com/sun/xml/internal/bind/v2/runtime/property/Property
instanceKlass com/sun/xml/internal/bind/v2/runtime/property/StructureLoaderBuilder
instanceKlass com/sun/xml/internal/bind/v2/runtime/AttributeAccessor
instanceKlass com/sun/xml/internal/bind/v2/runtime/unmarshaller/Loader
instanceKlass javax/xml/bind/Marshaller
instanceKlass javax/xml/bind/Unmarshaller
instanceKlass com/sun/xml/internal/bind/v2/runtime/JaxBeanInfo
instanceKlass com/sun/xml/internal/bind/v2/runtime/FilterTransducer
instanceKlass com/sun/xml/internal/bind/v2/util/FlattenIterator
instanceKlass com/android/sdklib/repository/meta/DetailsTypes
instanceKlass com/android/sdklib/repository/meta/DetailsTypes$MavenType
instanceKlass com/sun/xml/internal/bind/v2/model/impl/ElementInfoImpl$PropertyImpl
instanceKlass com/sun/xml/internal/bind/v2/model/runtime/RuntimeElementInfo
instanceKlass com/sun/xml/internal/bind/v2/model/core/ElementInfo
instanceKlass javax/xml/bind/annotation/XmlElementDecl$GLOBAL
instanceKlass java/lang/Package$1PackageInfoProxy
instanceKlass com/sun/xml/internal/bind/api/impl/NameUtil
instanceKlass com/sun/xml/internal/bind/api/impl/NameConverter
instanceKlass com/sun/xml/internal/bind/v2/model/impl/GetterSetterPropertySeed
instanceKlass com/android/repository/impl/meta/TypeDetails
instanceKlass com/sun/xml/internal/bind/v2/model/runtime/RuntimeValuePropertyInfo
instanceKlass com/sun/xml/internal/bind/v2/model/core/ValuePropertyInfo
instanceKlass com/sun/xml/internal/bind/v2/model/nav/ParameterizedTypeImpl
instanceKlass com/sun/xml/internal/bind/v2/model/nav/ReflectionNavigator$BinderArg
instanceKlass javax/xml/bind/JAXBElement
instanceKlass com/android/repository/impl/meta/Archive$PatchesType
instanceKlass com/sun/xml/internal/bind/v2/model/impl/AttributePropertyInfoImpl$1
instanceKlass com/sun/xml/internal/bind/v2/model/runtime/RuntimeAttributePropertyInfo
instanceKlass com/sun/xml/internal/bind/v2/model/core/AttributePropertyInfo
instanceKlass com/sun/xml/internal/bind/v2/model/impl/TypeRefImpl
instanceKlass com/sun/xml/internal/bind/v2/model/runtime/RuntimeTypeRef
instanceKlass com/sun/xml/internal/bind/v2/model/runtime/RuntimeNonElementRef
instanceKlass com/sun/xml/internal/bind/v2/model/core/TypeRef
instanceKlass com/sun/xml/internal/bind/v2/model/core/NonElementRef
instanceKlass com/sun/xml/internal/bind/v2/model/impl/PropertyInfoImpl$1
instanceKlass com/sun/xml/internal/bind/v2/TODO
instanceKlass javax/xml/bind/annotation/XmlSchemaTypes
instanceKlass javax/xml/bind/annotation/adapters/XmlJavaTypeAdapters
instanceKlass com/sun/xml/internal/bind/annotation/XmlLocation
instanceKlass com/sun/xml/internal/bind/v2/runtime/reflect/Utils$1
instanceKlass com/sun/xml/internal/bind/v2/runtime/reflect/Utils
instanceKlass com/sun/xml/internal/bind/v2/model/core/Adapter
instanceKlass com/sun/xml/internal/bind/v2/model/impl/Util
instanceKlass com/sun/xml/internal/bind/v2/model/impl/PropertyInfoImpl
instanceKlass com/sun/xml/internal/bind/v2/model/runtime/RuntimeElementPropertyInfo
instanceKlass com/sun/xml/internal/bind/v2/model/runtime/RuntimePropertyInfo
instanceKlass com/sun/xml/internal/bind/v2/model/core/ElementPropertyInfo
instanceKlass com/sun/xml/internal/bind/v2/model/core/PropertyInfo
instanceKlass com/sun/xml/internal/bind/v2/model/impl/ClassInfoImpl$1
instanceKlass com/sun/xml/internal/bind/v2/model/impl/FieldPropertySeed
instanceKlass com/sun/xml/internal/bind/v2/model/impl/RuntimeClassInfoImpl$RuntimePropertySeed
instanceKlass com/sun/xml/internal/bind/v2/model/impl/PropertySeed
instanceKlass com/sun/xml/internal/bind/v2/model/annotation/AnnotationSource
instanceKlass com/sun/xml/internal/bind/v2/runtime/reflect/Accessor
instanceKlass com/sun/xml/internal/bind/v2/runtime/unmarshaller/Receiver
instanceKlass javax/xml/bind/annotation/XmlSchemaType$DEFAULT
instanceKlass javax/xml/bind/annotation/adapters/XmlAdapter
instanceKlass javax/xml/bind/annotation/adapters/XmlJavaTypeAdapter$DEFAULT
instanceKlass javax/xml/bind/annotation/XmlElement$DEFAULT
instanceKlass com/sun/xml/internal/bind/AccessorFactoryImpl
instanceKlass com/sun/xml/internal/bind/InternalAccessorFactory
instanceKlass com/sun/xml/internal/bind/AccessorFactory
instanceKlass javax/xml/bind/annotation/XmlAccessorOrder
instanceKlass com/sun/xml/internal/bind/annotation/OverrideAnnotationOf
instanceKlass javax/xml/bind/annotation/XmlMixed
instanceKlass javax/xml/bind/annotation/XmlAnyElement
instanceKlass javax/xml/bind/annotation/XmlElements
instanceKlass javax/xml/bind/annotation/XmlAnyAttribute
instanceKlass javax/xml/bind/annotation/XmlList
instanceKlass javax/xml/bind/annotation/XmlElementWrapper
instanceKlass javax/xml/bind/annotation/XmlAttachmentRef
instanceKlass javax/xml/bind/annotation/XmlMimeType
instanceKlass javax/xml/bind/annotation/XmlInlineBinaryData
instanceKlass javax/xml/bind/annotation/XmlIDREF
instanceKlass javax/xml/bind/annotation/XmlID
instanceKlass javax/xml/bind/annotation/adapters/XmlJavaTypeAdapter
instanceKlass com/sun/xml/internal/bind/v2/model/impl/TypeInfoImpl
instanceKlass com/sun/xml/internal/bind/v2/model/runtime/RuntimeElement
instanceKlass com/sun/xml/internal/bind/v2/model/core/Element
instanceKlass com/sun/xml/internal/bind/v2/model/runtime/RuntimeClassInfo
instanceKlass com/sun/xml/internal/bind/v2/model/core/ClassInfo
instanceKlass javax/xml/bind/annotation/XmlType$DEFAULT
instanceKlass javax/xml/bind/annotation/XmlAccessorType
instanceKlass javax/xml/bind/annotation/XmlSeeAlso
instanceKlass com/sun/xml/internal/bind/v2/model/annotation/ClassLocatable
instanceKlass com/sun/xml/internal/bind/v2/model/annotation/MethodLocatable
instanceKlass com/sun/xml/internal/bind/v2/model/impl/RegistryInfoImpl
instanceKlass com/sun/xml/internal/bind/v2/model/core/RegistryInfo
instanceKlass com/sun/xml/internal/bind/v2/model/annotation/SecureLoader
instanceKlass javax/xml/bind/annotation/XmlValue
instanceKlass javax/xml/bind/annotation/XmlType
instanceKlass javax/xml/bind/annotation/XmlTransient
instanceKlass javax/xml/bind/annotation/XmlSchemaType
instanceKlass javax/xml/bind/annotation/XmlRootElement
instanceKlass javax/xml/bind/annotation/XmlEnum
instanceKlass javax/xml/bind/annotation/XmlElementRefs
instanceKlass javax/xml/bind/annotation/XmlElementRef
instanceKlass javax/xml/bind/annotation/XmlElementDecl
instanceKlass javax/xml/bind/annotation/XmlElement
instanceKlass javax/xml/bind/annotation/XmlAttribute
instanceKlass com/sun/xml/internal/bind/v2/model/annotation/Quick
instanceKlass com/sun/xml/internal/bind/v2/model/annotation/Init
instanceKlass com/sun/xml/internal/bind/v2/model/annotation/LocatableAnnotation
instanceKlass javax/xml/bind/annotation/XmlRegistry
instanceKlass com/sun/xml/internal/bind/v2/model/core/Ref
instanceKlass com/sun/xml/internal/bind/api/CompositeStructure
instanceKlass com/sun/xml/internal/bind/v2/runtime/IllegalAnnotationsException$Builder
instanceKlass com/sun/xml/internal/bind/v2/runtime/RuntimeUtil
instanceKlass com/sun/xml/internal/bind/v2/model/impl/AnyTypeImpl
instanceKlass com/sun/xml/internal/bind/v2/model/impl/TypeInfoSetImpl$1
instanceKlass javax/xml/datatype/Duration
instanceKlass javax/xml/datatype/XMLGregorianCalendar
instanceKlass javax/activation/DataHandler
instanceKlass java/awt/datatransfer/Transferable
instanceKlass javax/xml/datatype/DatatypeConstants$Field
instanceKlass javax/xml/datatype/DatatypeConstants
instanceKlass com/sun/xml/internal/bind/v2/model/impl/RuntimeBuiltinLeafInfoImpl$1
instanceKlass com/sun/xml/internal/bind/v2/model/impl/LeafInfoImpl
instanceKlass com/sun/xml/internal/bind/v2/runtime/Transducer
instanceKlass com/sun/xml/internal/bind/v2/model/runtime/RuntimeBuiltinLeafInfo
instanceKlass com/sun/xml/internal/bind/v2/model/runtime/RuntimeLeafInfo
instanceKlass com/sun/xml/internal/bind/v2/model/runtime/RuntimeNonElement
instanceKlass com/sun/xml/internal/bind/v2/model/runtime/RuntimeTypeInfo
instanceKlass com/sun/xml/internal/bind/v2/model/core/BuiltinLeafInfo
instanceKlass com/sun/xml/internal/bind/v2/model/core/LeafInfo
instanceKlass com/sun/xml/internal/bind/v2/model/core/MaybeElement
instanceKlass com/sun/xml/internal/bind/v2/model/core/NonElement
instanceKlass com/sun/xml/internal/bind/v2/model/core/TypeInfo
instanceKlass com/sun/xml/internal/bind/v2/model/annotation/Locatable
instanceKlass com/sun/xml/internal/bind/v2/model/impl/TypeInfoSetImpl
instanceKlass com/sun/xml/internal/bind/v2/model/runtime/RuntimeTypeInfoSet
instanceKlass com/sun/xml/internal/bind/v2/model/core/TypeInfoSet
instanceKlass com/sun/xml/internal/bind/v2/model/impl/ModelBuilder$1
instanceKlass com/sun/xml/internal/bind/v2/model/core/ErrorHandler
instanceKlass com/sun/xml/internal/bind/v2/runtime/Location
instanceKlass com/sun/xml/internal/bind/v2/model/impl/Utils$1
instanceKlass com/sun/xml/internal/bind/v2/model/nav/TypeVisitor
instanceKlass com/sun/xml/internal/bind/v2/model/nav/ReflectionNavigator
instanceKlass com/sun/xml/internal/bind/v2/model/nav/Navigator
instanceKlass com/sun/xml/internal/bind/v2/model/impl/Utils
instanceKlass com/sun/xml/internal/bind/WhiteSpaceProcessor
instanceKlass com/sun/xml/internal/bind/v2/model/impl/ModelBuilder
instanceKlass com/sun/xml/internal/bind/v2/model/impl/ModelBuilderI
instanceKlass com/sun/xml/internal/bind/v2/runtime/NameBuilder
instanceKlass com/sun/istack/internal/Pool$Impl
instanceKlass com/sun/istack/internal/Pool
instanceKlass com/sun/xml/internal/bind/v2/util/QNameMap$Entry
instanceKlass com/sun/xml/internal/bind/v2/util/QNameMap
instanceKlass com/sun/xml/internal/bind/v2/runtime/JAXBContextImpl$6
instanceKlass com/sun/xml/internal/bind/v2/model/annotation/AbstractInlineAnnotationReaderImpl
instanceKlass com/sun/xml/internal/bind/v2/runtime/JAXBContextImpl$JAXBContextBuilder
instanceKlass com/sun/xml/internal/bind/v2/util/TypeCast
instanceKlass com/sun/xml/internal/bind/Util
instanceKlass com/sun/xml/internal/bind/v2/model/annotation/RuntimeAnnotationReader
instanceKlass com/sun/xml/internal/bind/v2/model/annotation/AnnotationReader
instanceKlass com/sun/xml/internal/bind/v2/ContextFactory
instanceKlass org/slf4j/spi/LocationAwareLogger
instanceKlass java/util/logging/LogRecord
instanceKlass javax/xml/bind/GetPropertyAction
instanceKlass javax/xml/bind/ContextFinder
instanceKlass javax/xml/bind/JAXBContext
instanceKlass com/sun/org/apache/xerces/internal/impl/RevalidationHandler
instanceKlass com/sun/org/apache/xerces/internal/xni/parser/XMLDocumentFilter
instanceKlass com/sun/org/apache/xerces/internal/xni/parser/XMLDocumentSource
instanceKlass com/sun/org/apache/xerces/internal/xni/XMLDocumentHandler
instanceKlass com/sun/org/apache/xerces/internal/dom/CoreDOMImplementationImpl
instanceKlass org/w3c/dom/ls/DOMImplementationLS
instanceKlass org/w3c/dom/DOMImplementation
instanceKlass com/sun/org/apache/xerces/internal/dom/DOMImplementationSourceImpl
instanceKlass org/w3c/dom/DOMImplementationSource
instanceKlass org/w3c/dom/bootstrap/DOMImplementationRegistry$4
instanceKlass org/w3c/dom/bootstrap/DOMImplementationRegistry$3
instanceKlass org/w3c/dom/bootstrap/DOMImplementationRegistry$2
instanceKlass org/w3c/dom/bootstrap/DOMImplementationRegistry
instanceKlass com/android/repository/impl/meta/SchemaModuleUtil$SchemaModuleResourceResolver
instanceKlass org/xml/sax/XMLFilter
instanceKlass javax/xml/transform/Source
instanceKlass org/w3c/dom/ls/LSResourceResolver
instanceKlass javax/xml/bind/ValidationEventHandler
instanceKlass com/android/repository/impl/meta/SchemaModuleUtil
instanceKlass sun/nio/fs/WindowsSecurityDescriptor
instanceKlass sun/nio/fs/AbstractBasicFileAttributeView
instanceKlass sun/nio/fs/DynamicFileAttributeView
instanceKlass sun/nio/fs/WindowsFileAttributeViews
instanceKlass java/nio/file/attribute/BasicFileAttributeView
instanceKlass java/nio/file/attribute/FileAttributeView
instanceKlass java/nio/file/attribute/AttributeView
instanceKlass java/util/stream/Sink$ChainedReference
instanceKlass java/util/stream/AbstractSpinedBuffer
instanceKlass java/util/stream/Node$Builder
instanceKlass java/util/stream/Sink
instanceKlass java/util/stream/Node$OfDouble
instanceKlass java/util/stream/Node$OfLong
instanceKlass java/util/stream/Node$OfInt
instanceKlass java/util/stream/Node$OfPrimitive
instanceKlass java/util/stream/Nodes$EmptyNode
instanceKlass java/util/stream/Node
instanceKlass java/util/stream/Nodes
instanceKlass com/android/repository/io/impl/FileSystemFileOp$$Lambda$28
instanceKlass java/util/function/IntFunction
instanceKlass java/lang/invoke/LambdaForm$DMH
instanceKlass com/android/repository/io/impl/FileSystemFileOp$$Lambda$27
instanceKlass java/nio/file/Files$$Lambda$26
instanceKlass java/util/stream/StreamOpFlag$MaskBuilder
instanceKlass java/util/stream/PipelineHelper
instanceKlass java/util/stream/StreamSupport
instanceKlass java/util/Spliterators$IteratorSpliterator
instanceKlass java/util/Spliterator$OfDouble
instanceKlass java/util/Spliterator$OfLong
instanceKlass java/util/Spliterators$EmptySpliterator
instanceKlass java/util/Spliterators
instanceKlass java/nio/file/Files$2
instanceKlass sun/nio/fs/WindowsChannelFactory$Flags
instanceKlass sun/nio/fs/WindowsChannelFactory$1
instanceKlass sun/nio/fs/WindowsChannelFactory
instanceKlass com/android/repository/impl/manager/LocalRepoLoaderImpl
instanceKlass com/android/repository/impl/manager/RepoManagerImpl$LoadTask
instanceKlass java/util/concurrent/Semaphore
instanceKlass com/android/repository/api/RepoManager$DummyProgressRunner
instanceKlass com/android/repository/api/RepoManager$1
instanceKlass com/google/common/collect/SortedIterable
instanceKlass com/android/sdklib/repository/legacy/local/LocalPkgInfo
instanceKlass com/android/sdklib/repository/legacy/local/LocalSdk
instanceKlass com/android/sdklib/repository/legacy/LegacyLocalRepoLoader
instanceKlass com/android/sdklib/repository/AndroidSdkHandler$RepoConfig$$Lambda$25
instanceKlass java/lang/invoke/LambdaForm$DMH
instanceKlass com/android/repository/impl/manager/RemoteRepoLoader
instanceKlass com/android/repository/impl/manager/RepoManagerImpl$RemoteRepoLoaderFactoryImpl
instanceKlass com/android/repository/impl/manager/LocalRepoLoader
instanceKlass com/android/repository/impl/manager/RepoManagerImpl$LocalRepoLoaderFactoryImpl
instanceKlass com/google/common/collect/Ordering
instanceKlass com/google/common/collect/SortedSetMultimap
instanceKlass com/google/common/collect/SetMultimap
instanceKlass com/android/repository/impl/meta/RepositoryPackages
instanceKlass com/android/repository/api/ProgressRunner$ProgressRunnable
instanceKlass com/android/repository/impl/manager/RepoManagerImpl$RemoteRepoLoaderFactory
instanceKlass com/android/repository/impl/manager/RepoManagerImpl$LocalRepoLoaderFactory
instanceKlass com/android/repository/impl/sources/LocalSourceProvider
instanceKlass com/android/repository/api/SimpleRepositorySource
instanceKlass com/android/repository/api/ConstantSourceProvider
instanceKlass com/android/repository/impl/sources/generated/v1/package-info
instanceKlass com/android/repository/impl/sources/generated/v1/ObjectFactory
instanceKlass com/android/repository/api/RemoteListSourceProvider
instanceKlass java/util/Optional
instanceKlass com/google/common/collect/AbstractMapEntry
instanceKlass com/google/common/collect/ImmutableMap$Builder
instanceKlass com/android/sdklib/repository/sources/generated/v3/package-info
instanceKlass com/android/sdklib/repository/sources/generated/v3/ObjectFactory
instanceKlass com/android/sdklib/repository/sources/generated/v2/package-info
instanceKlass com/android/sdklib/repository/sources/RemoteSiteType$SysImgSiteType
instanceKlass com/android/sdklib/repository/sources/generated/v2/ObjectFactory
instanceKlass com/android/sdklib/repository/sources/generated/v1/package-info
instanceKlass com/android/sdklib/repository/sources/RemoteSiteType$AddonSiteType
instanceKlass com/android/repository/api/RemoteSource
instanceKlass com/android/repository/api/RepositorySource
instanceKlass com/android/repository/impl/sources/RemoteListSourceProviderImpl$SiteList
instanceKlass com/android/sdklib/repository/sources/generated/v1/ObjectFactory
instanceKlass com/android/sdklib/repository/sources/RemoteSiteType
instanceKlass com/android/repository/api/FallbackRemoteRepoLoader
instanceKlass com/android/repository/api/FallbackLocalRepoLoader
instanceKlass com/android/repository/api/RepositorySourceProvider
instanceKlass com/android/sdklib/repository/AndroidSdkHandler$RepoConfig
instanceKlass com/android/repository/api/ProgressIndicatorAdapter
instanceKlass com/android/repository/io/impl/FileSystemFileOp
instanceKlass com/android/repository/io/FileOp
instanceKlass com/android/repository/io/FileOpUtils
instanceKlass com/android/sdklib/repository/generated/common/v1/package-info
instanceKlass com/android/sdklib/repository/meta/Library
instanceKlass com/android/sdklib/IAndroidTarget$OptionalLibrary
instanceKlass com/android/sdklib/repository/IdDisplay
instanceKlass com/android/sdklib/repository/meta/SdkCommonFactory
instanceKlass com/android/sdklib/repository/generated/sysimg/v1/package-info
instanceKlass com/android/sdklib/repository/meta/DetailsTypes$SysImgDetailsType
instanceKlass com/android/sdklib/repository/meta/SysImgFactory
instanceKlass com/android/sdklib/repository/generated/repository/v1/package-info
instanceKlass com/android/sdklib/repository/meta/DetailsTypes$SourceDetailsType
instanceKlass com/android/sdklib/repository/meta/DetailsTypes$PlatformDetailsType$LayoutlibType
instanceKlass com/android/sdklib/repository/meta/DetailsTypes$PlatformDetailsType
instanceKlass com/android/sdklib/repository/meta/RepoFactory
instanceKlass com/android/sdklib/repository/generated/addon/v1/package-info
instanceKlass com/android/sdklib/repository/meta/DetailsTypes$ExtraDetailsType
instanceKlass com/android/sdklib/repository/meta/DetailsTypes$AddonDetailsType$Libraries
instanceKlass com/android/sdklib/repository/meta/DetailsTypes$AddonDetailsType
instanceKlass com/android/sdklib/repository/meta/DetailsTypes$ApiDetailsType
instanceKlass com/android/sdklib/repository/meta/AddonFactory
instanceKlass com/android/repository/api/RepoManager$RepoLoadedCallback
instanceKlass com/android/sdklib/repository/AndroidSdkHandler
instanceKlass com/android/repository/api/ProgressIndicator
instanceKlass com/android/builder/sdk/DefaultSdkLoader
instanceKlass com/android/builder/sdk/SdkLoader
instanceKlass org/gradle/api/plugins/JavaPlugin
instanceKlass org/gradle/api/plugins/JavaBasePlugin$13$1
instanceKlass org/apache/commons/collections/iterators/UnmodifiableIterator
instanceKlass org/gradle/api/artifacts/FileCollectionDependency
instanceKlass org/gradle/api/file/FileVisitDetails
instanceKlass org/gradle/api/internal/tasks/TaskDependencyResolveContext
instanceKlass com/android/utils/FileUtils
instanceKlass com/android/build/gradle/ProguardFiles
instanceKlass com/android/builder/core/DefaultApiVersion
instanceKlass com/android/builder/core/LibraryRequest
instanceKlass org/gradle/listener/ClosureBackedMethodInvocationDispatch
instanceKlass com/neenbedankt/gradle/androidapt/AptArguments
instanceKlass com/neenbedankt/gradle/androidapt/AndroidAptExtension
instanceKlass org/gradle/api/artifacts/ExcludeRule
instanceKlass org/gradle/api/internal/plugins/DefaultPluginContainer$2
instanceKlass org/gradle/api/internal/plugins/PluginManagerInternal$PluginWithId
instanceKlass com/neenbedankt/gradle/androidapt/AndroidAptPlugin
instanceKlass com/android/build/gradle/BasePlugin$$Lambda$24
instanceKlass org/gradle/api/internal/project/taskfactory/OutputDirectoryPropertyAnnotationHandler$2$1
instanceKlass org/gradle/api/internal/project/taskfactory/OutputDirectoryPropertyAnnotationHandler$2
instanceKlass com/android/build/gradle/internal/tasks/LintCompile$ConfigAction
instanceKlass com/android/build/gradle/internal/TaskManager$$Lambda$23
instanceKlass org/gradle/api/internal/tasks/DefaultTaskInputs$7
instanceKlass org/gradle/api/internal/project/taskfactory/InputPropertyAnnotationHandler$1
instanceKlass com/android/sdklib/BuildToolInfo
instanceKlass com/android/builder/model/Variant
instanceKlass com/android/builder/model/AndroidProject
instanceKlass com/android/tools/lint/client/api/IssueRegistry
instanceKlass com/android/build/gradle/tasks/Lint$GlobalConfigAction
instanceKlass com/android/build/gradle/internal/TaskManager$$Lambda$22
instanceKlass org/gradle/api/internal/project/taskfactory/OutputFilePropertyAnnotationHandler$2$1
instanceKlass org/gradle/api/internal/tasks/DefaultTaskOutputs$3
instanceKlass org/gradle/api/internal/project/taskfactory/AnnotationProcessingTaskFactory$Validator$1
instanceKlass org/gradle/api/internal/project/taskfactory/OutputFilePropertyAnnotationHandler$2
instanceKlass org/gradle/api/tasks/diagnostics/internal/text/TextReportBuilder
instanceKlass org/gradle/api/tasks/diagnostics/internal/TextReportRenderer
instanceKlass org/gradle/api/internal/tasks/DefaultTaskOutputs$2
instanceKlass org/gradle/api/tasks/diagnostics/AbstractReportTask$1
instanceKlass org/gradle/api/tasks/diagnostics/internal/ReportRenderer
instanceKlass org/gradle/api/tasks/diagnostics/internal/ProjectReportGenerator
instanceKlass com/android/build/gradle/internal/tasks/SourceSetsTask$ConfigAction
instanceKlass com/android/build/gradle/internal/scope/AndroidTask$2
instanceKlass com/android/build/gradle/internal/TaskManager$$Lambda$21
instanceKlass com/android/build/gradle/internal/TaskManager$$Lambda$20
instanceKlass com/android/build/gradle/internal/TaskManager$$Lambda$19
instanceKlass com/android/build/gradle/internal/TaskManager$$Lambda$18
instanceKlass com/android/build/gradle/internal/scope/AndroidTask
instanceKlass com/android/build/gradle/internal/TaskManager$$Lambda$17
instanceKlass com/android/build/gradle/internal/TaskContainerAdaptor
instanceKlass com/android/utils/StringHelper
instanceKlass com/android/prefs/AndroidLocation
instanceKlass org/bouncycastle/jcajce/provider/config/ConfigurableProvider
instanceKlass sun/security/util/ManifestEntryVerifier$SunProviderHolder
instanceKlass sun/nio/cs/Surrogate
instanceKlass sun/nio/cs/Surrogate$Parser
instanceKlass java/util/Base64$Encoder
instanceKlass java/util/Base64$Decoder
instanceKlass java/util/Base64
